H0000012019050500220004
[B20190504*************1006502208719191000000050000002020200000000**10000000000000000000000000000000000+00020190504003000OSF03WR00010*****0000000000000314798]
E
