<?xml version="1.0" encoding="UTF-8"?>
<!-- Generated by org.testng.reporters.JUnitReportReporter -->
<testsuite hostname="BLRCND50004561" failures="0" tests="8" name="Pack1.HW" time="5.689" errors="0" timestamp="2021-10-02T15:40:51 IST" skipped="0">
  <testcase classname="Pack1.HW" name="reverse" time="0.001"/>
  <system-out/>
  <testcase classname="Pack1.HW" name="fibonaci" time="0.000"/>
  <system-out/>
  <testcase classname="Pack1.HW" name="primelist" time="0.002"/>
  <system-out/>
  <testcase classname="Pack1.HW" name="vowelcons" time="0.003"/>
  <system-out/>
  <testcase classname="Pack1.HW" name="fibonacci" time="0.001"/>
  <system-out/>
  <testcase classname="Pack1.HW" name="amstrong" time="0.007"/>
  <system-out/>
  <testcase classname="Pack1.HW" name="facto" time="0.002"/>
  <system-out/>
  <testcase classname="Pack1.HW" name="testHellowWorld" time="5.673"/>
  <system-out/>
</testsuite> <!-- Pack1.HW -->
