<?xml version="1.0" encoding="UTF-8"?>
<!-- Generated by org.testng.reporters.JUnitReportReporter -->
<testsuite hostname="BLRCND50004561" failures="0" tests="1" name="Pack1.phpTravels" time="10.880" errors="0" timestamp="2021-09-22T17:03:43 IST" skipped="0">
  <testcase classname="Pack1.phpTravels" name="xpathTest" time="10.880"/>
  <system-out/>
</testsuite> <!-- Pack1.phpTravels -->
