<?xml version="1.0" encoding="UTF-8"?>
<!-- Generated by org.testng.reporters.JUnitReportReporter -->
<testsuite hostname="BNGTSI50004561" name="com.vector.testcases.testaccountLogin" tests="1" failures="0" timestamp="30 Aug 2016 09:06:42 GMT" time="108.247" errors="0">
  <testcase name="accountLogin" time="108.247" classname="com.vector.testcases.testaccountLogin"/>
</testsuite> <!-- com.vector.testcases.testaccountLogin -->
