<?xml version="1.0" encoding="UTF-8"?>
<!-- Generated by org.testng.reporters.JUnitReportReporter -->
<testsuite hostname="BNGTSI50004561" name="com.vector.testcases.accountLogin" tests="1" failures="0" timestamp="26 Aug 2016 06:05:04 GMT" time="22.737" errors="0">
  <testcase name="test1" time="22.737" classname="com.vector.testcases.accountLogin"/>
</testsuite> <!-- com.vector.testcases.accountLogin -->
