<?xml version="1.0" encoding="UTF-8"?>
<!-- Generated by org.testng.reporters.JUnitReportReporter -->
<testsuite hostname="BLRCND50004561" failures="0" tests="1" name="tests.testcases" time="4.595" errors="0" timestamp="2021-10-14T19:58:07 IST" skipped="0">
  <testcase classname="tests.testcases" name="validateEmail" time="4.595"/>
  <system-out/>
</testsuite> <!-- tests.testcases -->
