<?xml version="1.0" encoding="UTF-8"?>
<!-- Generated by org.testng.reporters.JUnitReportReporter -->
<testsuite hostname="BLRCND50004561" failures="0" tests="3" name="APITesting.Test01_GET" time="2.346" errors="0" timestamp="2021-09-13T18:52:49 IST" skipped="0">
  <testcase classname="APITesting.Test01_GET" name="test_01" time="1.612"/>
  <system-out/>
  <testcase classname="APITesting.Test01_GET" name="test_03" time="0.650"/>
  <system-out/>
  <testcase classname="APITesting.Test01_GET" name="test_02" time="0.084"/>
  <system-out/>
</testsuite> <!-- APITesting.Test01_GET -->
