<?xml version="1.0" encoding="UTF-8"?>
<!-- Generated by org.testng.reporters.JUnitReportReporter -->
<testsuite hostname="BLRCND50004561" failures="0" tests="1" name="APITesting.WeatherOrg" time="2.245" errors="0" timestamp="2021-09-15T19:59:35 IST" skipped="0">
  <testcase classname="APITesting.WeatherOrg" name="validkey" time="2.245"/>
  <system-out/>
</testsuite> <!-- APITesting.WeatherOrg -->
