<?xml version="1.0" encoding="UTF-8"?>
<!-- Generated by org.testng.reporters.JUnitReportReporter -->
<testsuite hostname="BLRCND50004561" failures="0" tests="4" name="Tests.testCases" time="3.004" errors="0" timestamp="2021-10-16T17:07:10 IST" skipped="0">
  <testcase classname="Tests.testCases" name="getUserid" time="0.079"/>
  <system-out/>
  <testcase classname="Tests.testCases" name="getPostsIds" time="0.091"/>
  <system-out/>
  <testcase classname="Tests.testCases" name="validAllUseremails" time="0.725"/>
  <system-out/>
  <testcase classname="Tests.testCases" name="getEmailids" time="2.109"/>
  <system-out/>
</testsuite> <!-- Tests.testCases -->
