<?xml version="1.0" encoding="UTF-8"?>
<!-- Generated by org.testng.reporters.JUnitReportReporter -->
<testsuite hostname="BLRCND50004561" failures="0" tests="1" name="APITesting.getAndPostExamples" time="1.969" errors="0" timestamp="2021-10-13T22:00:29 IST" skipped="0">
  <testcase classname="APITesting.getAndPostExamples" name="getTest" time="1.969"/>
  <system-out/>
</testsuite> <!-- APITesting.getAndPostExamples -->
