<?xml version="1.0" encoding="UTF-8"?>
<!-- Generated by org.testng.reporters.JUnitReportReporter -->
<testsuite hostname="BLRCND50004561" failures="0" tests="1" name="Tests.deSerializeTest" time="1.887" errors="0" timestamp="2021-10-15T17:11:31 IST" skipped="0">
  <testcase classname="Tests.deSerializeTest" name="getEmailids" time="1.887"/>
  <system-out/>
</testsuite> <!-- Tests.deSerializeTest -->
