<?xml version="1.0" encoding="UTF-8"?>
<!-- Generated by org.testng.reporters.JUnitReportReporter -->
<testsuite hostname="BLRCND50004561" failures="0" tests="1" name="Pack1.getalllinks" time="4.954" errors="0" timestamp="2021-10-02T20:39:16 IST" skipped="0">
  <testcase classname="Pack1.getalllinks" name="getlinktext" time="4.954"/>
  <system-out/>
</testsuite> <!-- Pack1.getalllinks -->
