H0000062019051403054433
[B20190512*************1006502211177430000000050000001010100000000**10000000000000000000000000000000000+05020190512003000OSF11WR00125002600000000000435189]
[B20190512*************1006502212291118000000050000001010100000000**10000000000000000000000000000000000+05020190512010000OSF03WR00125002600000000000435190]
[B20190512*************1006502212291118000000050000001010100000000**10000000000000000000000000000000000+05020190512013000OSF04WR00125002600000000000435191]
[B20190512*************1006502212291118000000050000001010100000000**10000000000000000000000000000000000+05020190512020000OSF01WR00125002600000000000435192]
[B20190512*************1006502212291118000000050000001010100000000**10000000000000000000000000000000000+05020190512023000OSF01WR00125002600000000000435193]
[B20190512*************1006500402591011000000050000001010100000000**10000000000000000000000000000000000+05020190512030000OSF03WR00125002600000000000435194]
E
