H0000062019052505112333
[B20190520*************1006502212378467000000050000001010100000000**10000000000000000000000000000000000+05020190520003000OSF01WR00125002600000000000565545]
[B20190520*************1006502212378467000000050000001010100000000**10000000000000000000000000000000000+05020190520003000OSF01WR00125002600000000000565545]
[B20190519*************1006502212378467000000050000001010100000000**10000000000000000000000000000000000+05020190519012930OSF03WR00125002600000000000565546]
[B20190519*************1006502212378467000000050000001010100000000**10000000000000000000000000000000000+05020190519013000OSF03WR00125002600000000000565547]
[B20190518*************1006502212378467000000050000001010100000000**10000000000000000000000000000000000+05020190518023000OSF11WR00125002600000000000565548]
[B20190518*************1006502212378467000000050000001010100000000**10000000000000000000000000000000000+05020190518023000OSF01WR00125002600000000000565549]
E
