H0000032019051000110033
[B20190505*************1006502208719191000000050000001010100000000**10000000000000000000000000000000000+05020190505003000OSF03WR00125002600000000000811320]
[B20190505*************1006502211637960000000050000001010100000000**10000000000000000000000000000000000+05020190505010000OSF03WR00125002600000000000811321]
[B20190505*************1006502208276715000000050000001010100000000**10000000000000000000000000000000000+05020190505013000OSF04WR00125002600000000000811322]
E
