H0000102019042801020233
[B20190418*************1006502207357679000000050000001010100000000**10000000000000000000000000000000000+05020190418003000OSF11WR00125002600000000000423824]
[B20190418*************1006502207357679000000050000001010100000000**10000000000000000000000000000000000+05020190418010000OSF01WR00125002600000000000423825]
[B20190418*************1006502207357679000000050000001010100000000**10000000000000000000000000000000000+05020190418013000OSF11WR00125002600000000000423826]
[B20190418*************1006502207357679000000050000001010100000000**10000000000000000000000000000000000+05020190418020000OSF03WR00125002600000000000423827]
[B20190418*************1006502207357679000000050000001010100000000**10000000000000000000000000000000000+05020190418023000OSF11WR00125002600000000000423828]
[B20190418*************1006502207357679000000050000001010100000000**10000000000000000000000000000000000+05020190418030000OSF11WR00125002600000000000423829]
[B20190418*************1006502207357679000000050000001010100000000**10000000000000000000000000000000000+05020190418033000OSF03WR00125002600000000000423830]
[B20190418*************1006502207357679000000050000001010100000000**10000000000000000000000000000000000+05020190418040000OSF01WR00125002600000000000423831]
[B20190418*************1006502207357679000000050000001010100000000**10000000000000000000000000000000000+05020190418043000OSF04WR00125002600000000000423832]
[B20190418*************1006502207357679000000050000001010100000000**10000000000000000000000000000000000+05020190418050000OSF03WR00125002600000000000423833]
E
