H0000182019042900110133
[B20190422*************1006502211671780000000050000001010100000000**10000000000000000000000000000000000+05020190422003000OSF04WR00125002600000000000599874]
[B20190422*************1006502211671780000000050000001010100000000**10000000000000000000000000000000000+05020190422010000OSF03WR00125002600000000000599875]
[B20190422*************1006502211671780000000050000001010100000000**10000000000000000000000000000000000+05020190422013000OSF11WR00125002600000000000599876]
[B20190422*************1006502211671780000000050000001010100000000**10000000000000000000000000000000000+05020190422020000OSF02WR00125002600000000000599877]
[B20190422*************1006502211671780000000050000001010100000000**10000000000000000000000000000000000+05020190422023000OSF01WR00125002600000000000599878]
[B20190422*************1006502211671780000000050000001010100000000**10000000000000000000000000000000000+05020190422030000OSF01WR00125002600000000000599879]
[B20190422*************1006502211671780000000050000001010100000000**10000000000000000000000000000000000+05020190422033000OSF03WR00125002600000000000599880]
[B20190422*************1006502211671780000000050000001010100000000**10000000000000000000000000000000000+05020190422040000OSF03WR00125002600000000000599881]
[B20190422*************1006502211671780000000050000001010100000000**10000000000000000000000000000000000+05020190422043000OSF01WR00125002600000000000599882]
[B20190422*************1006502211671780000000050000001010100000000**10000000000000000000000000000000000+05020190422050000OSF03WR00125002600000000000599883]
[B20190422*************1006502211671780000000050000001010100000000**10000000000000000000000000000000000+05020190422053000OSF04WR00125002600000000000599884]
[B20190422*************1006502211671780000000050000001010100000000**10000000000000000000000000000000000+05020190422060000OSF01WR00125002600000000000599885]
[B20190422*************1006502211671780000000050000001010100000000**10000000000000000000000000000000000+05020190422063000OSF04WR00125002600000000000599886]
[B20190422*************1006502211671780000000050000001010100000000**10000000000000000000000000000000000+05020190422070000OSF04WR00125002600000000000599887]
[B20190422*************1006502211671780000000050000001010100000000**10000000000000000000000000000000000+05020190422073000OSF02WR00125002600000000000599888]
[B20190422*************1006502211671780000000050000001010100000000**10000000000000000000000000000000000+05020190422080000OSF04WR00125002600000000000599889]
[B20190422*************1006502211671780000000050000001010100000000**10000000000000000000000000000000000+05020190422083000OSF01WR00125002600000000000599890]
[B20190422*************1006502211671780000000050000001010100000000**10000000000000000000000000000000000+05020190422090000OSF04WR00125002600000000000599891]
E
