<?xml version="1.0" encoding="UTF-8"?>
<!-- Generated by org.testng.reporters.JUnitReportReporter -->
<testsuite hostname="BNGTSI50004561" name="webAccountCreation.reporttest" tests="1" failures="0" timestamp="8 May 2017 11:58:24 GMT" time="10.316" errors="0">
  <testcase name="verifytitle" time="10.316" classname="webAccountCreation.reporttest"/>
</testsuite> <!-- webAccountCreation.reporttest -->
